Build started 16/12/2015 16:49:50.
     1>Project "A:\Assingment2013\Assingment2013\Assingment2013.vcxproj" on node 2 (Build target(s)).
     1>C:\Program Files (x86)\MSBuild\Microsoft.Cpp\v4.0\V120\Microsoft.CppBuild.targets(381,5): warning MSB8028: The intermediate directory (Debug\) contains files shared from another project (Lab8.vcxproj).  This can lead to incorrect clean and rebuild behavior.
     1>ClCompile:
         C:\Program Files (x86)\Microsoft Visual Studio 12.0\VC\bin\CL.exe /c /ZI /nologo /W3 /WX- /sdl /Od /Oy- /D _MBCS /Gm /EHsc /RTC1 /MDd /GS /fp:precise /Zc:wchar_t /Zc:forScope /Fo"Debug\\" /Fd"Debug\vc120.pdb" /Gd /TP /analyze- /errorReport:prompt main.cpp
         main.cpp
       Link:
         C:\Program Files (x86)\Microsoft Visual Studio 12.0\VC\bin\link.exe /ERRORREPORT:PROMPT /OUT:"A:\Assingment2013\Debug\Assingment2013.exe" /INCREMENTAL /NOLOGO kernel32.lib user32.lib gdi32.lib winspool.lib comdlg32.lib advapi32.lib shell32.lib ole32.lib oleaut32.lib uuid.lib odbc32.lib odbccp32.lib /MANIFEST /MANIFESTUAC:"level='asInvoker' uiAccess='false'" /manifest:embed /DEBUG /PDB:"A:\Assingment2013\Debug\Assingment2013.pdb" /TLBID:1 /DYNAMICBASE /NXCOMPAT /IMPLIB:"A:\Assingment2013\Debug\Assingment2013.lib" /MACHINE:X86 Debug\asteroidsGame.obj
         Debug\cBkGround.obj
         Debug\cButton.obj
         Debug\cFighter.obj
         Debug\cFighter1.obj
         Debug\cFighter2.obj
         Debug\cFileHandler.obj
         Debug\cFist.obj
         Debug\cFont.obj
         Debug\cFontMgr.obj
         Debug\cInputMgr.obj
         Debug\cSound.obj
         Debug\cSoundMgr.obj
         Debug\cSprite.obj
         Debug\cTexture.obj
         Debug\cWNDManager.obj
         Debug\main.obj
         Debug\windowOGL.obj
         alut.lib
         DevIL.lib
         freeglut.lib
         ftgl.lib
         ILU.lib
         ILUT.lib
         OpenAL32.lib
         Assingment2013.vcxproj -> A:\Assingment2013\Debug\Assingment2013.exe
     1>Done Building Project "A:\Assingment2013\Assingment2013\Assingment2013.vcxproj" (Build target(s)).

Build succeeded.

Time Elapsed 00:00:26.04
