a:\assingment2013\assingment2013\debug\vc120.pdb
a:\assingment2013\assingment2013\debug\vc120.idb
a:\assingment2013\assingment2013\debug\asteroidsgame.obj
a:\assingment2013\assingment2013\debug\cbkground.obj
a:\assingment2013\assingment2013\debug\cbutton.obj
a:\assingment2013\assingment2013\debug\cfighter.obj
a:\assingment2013\assingment2013\debug\cfighter1.obj
a:\assingment2013\assingment2013\debug\cfighter2.obj
a:\assingment2013\assingment2013\debug\cfilehandler.obj
a:\assingment2013\assingment2013\debug\cfist.obj
a:\assingment2013\assingment2013\debug\cfont.obj
a:\assingment2013\assingment2013\debug\cfontmgr.obj
a:\assingment2013\assingment2013\debug\cinputmgr.obj
a:\assingment2013\assingment2013\debug\csound.obj
a:\assingment2013\assingment2013\debug\csoundmgr.obj
a:\assingment2013\assingment2013\debug\csprite.obj
a:\assingment2013\assingment2013\debug\ctexture.obj
a:\assingment2013\assingment2013\debug\cwndmanager.obj
a:\assingment2013\assingment2013\debug\main.obj
a:\assingment2013\assingment2013\debug\windowogl.obj
a:\assingment2013\debug\assingment2013.ilk
a:\assingment2013\debug\assingment2013.exe
a:\assingment2013\debug\assingment2013.pdb
a:\assingment2013\assingment2013\debug\assingment2013.tlog\cl.read.1.tlog
a:\assingment2013\assingment2013\debug\assingment2013.tlog\cl.write.1.tlog
a:\assingment2013\assingment2013\debug\assingment2013.tlog\cl.command.1.tlog
a:\assingment2013\assingment2013\debug\assingment2013.tlog\link.command.1.tlog
a:\assingment2013\assingment2013\debug\assingment2013.tlog\link.read.1.tlog
a:\assingment2013\assingment2013\debug\assingment2013.tlog\link.write.1.tlog
